

Processing Rails::InfoController#properties (for 127.0.0.1 at 2010-07-24 23:56:38) [GET]
  [4;36;1mSQL (0.4ms)[0m   [0;1m SELECT name
 FROM sqlite_master
 WHERE type = 'table' AND NOT name = 'sqlite_sequence'
[0m
Completed in 18ms (View: 2, DB: 0) | 200 OK [http://localhost/rails/info/properties]


Processing ApplicationController#index (for 127.0.0.1 at 2010-07-24 23:56:44) [GET]

ActionController::RoutingError (No route matches "/hello.html" with {:method=>:get}):
  

Rendering rescues/layout (not_found)


Processing ApplicationController#index (for 127.0.0.1 at 2010-07-25 00:11:51) [GET]

ActionController::RoutingError (No route matches "/controller/action" with {:method=>:get}):
  

Rendering rescues/layout (not_found)


Processing PagesController#home (for 127.0.0.1 at 2010-07-25 00:14:01) [GET]
Rendering pages/home
Completed in 9ms (View: 7, DB: 0) | 200 OK [http://localhost/pages/home]


Processing PagesController#about (for 127.0.0.1 at 2010-07-25 00:50:13) [GET]
Rendering pages/about
Completed in 6ms (View: 5, DB: 0) | 200 OK [http://localhost/pages/about]


Processing PagesController#about (for 127.0.0.1 at 2010-07-25 00:59:26) [GET]
Rendering pages/about
Completed in 8ms (View: 6, DB: 0) | 200 OK [http://localhost/pages/about]


Processing PagesController#home (for 127.0.0.1 at 2010-07-25 00:59:32) [GET]
Rendering pages/home
Completed in 8ms (View: 6, DB: 0) | 200 OK [http://localhost/pages/home]


Processing PagesController#contact (for 127.0.0.1 at 2010-07-25 00:59:43) [GET]
Rendering pages/contact
Completed in 8ms (View: 6, DB: 0) | 200 OK [http://localhost/pages/contact]


Processing PagesController#home (for 127.0.0.1 at 2010-07-25 01:04:09) [GET]
Rendering pages/home
Completed in 8ms (View: 6, DB: 0) | 200 OK [http://localhost/pages/home]


Processing PagesController#home (for 127.0.0.1 at 2010-07-25 01:04:51) [GET]
Rendering pages/home
Completed in 8ms (View: 6, DB: 0) | 200 OK [http://localhost/pages/home]


Processing PagesController#home (for 127.0.0.1 at 2010-07-25 01:05:01) [GET]
Rendering pages/home
Completed in 8ms (View: 6, DB: 0) | 200 OK [http://localhost/pages/home]


Processing PagesController#contact (for 127.0.0.1 at 2010-07-25 01:05:54) [GET]
Rendering pages/contact
Completed in 6ms (View: 5, DB: 0) | 200 OK [http://localhost/pages/contact]


Processing PagesController#contact (for 127.0.0.1 at 2010-07-25 01:06:17) [GET]
Rendering pages/contact
Completed in 2ms (View: 1, DB: 0) | 200 OK [http://localhost/pages/contact]


Processing PagesController#contact (for 127.0.0.1 at 2010-07-25 01:06:27) [GET]
Rendering pages/contact
Completed in 2ms (View: 1, DB: 0) | 200 OK [http://localhost/pages/contact]


Processing PagesController#home (for 127.0.0.1 at 2010-07-25 01:10:26) [GET]
Rendering template within layouts/application
Rendering pages/home
Completed in 11ms (View: 9, DB: 0) | 200 OK [http://localhost/pages/home]


Processing PagesController#home (for 127.0.0.1 at 2010-07-25 01:10:30) [GET]
Rendering template within layouts/application
Rendering pages/home
Completed in 3ms (View: 1, DB: 0) | 200 OK [http://localhost/pages/home]


Processing PagesController#home (for 127.0.0.1 at 2010-07-25 01:11:35) [GET]
Rendering template within layouts/application
Rendering pages/home
Completed in 7ms (View: 5, DB: 0) | 200 OK [http://localhost/pages/home]


Processing PagesController#home (for 127.0.0.1 at 2010-07-25 01:12:20) [GET]
Rendering template within layouts/application
Rendering pages/home
Completed in 3ms (View: 1, DB: 0) | 200 OK [http://localhost/pages/home]


Processing PagesController#contact (for 127.0.0.1 at 2010-07-25 01:12:24) [GET]
Rendering template within layouts/application
Rendering pages/contact
Completed in 7ms (View: 5, DB: 0) | 200 OK [http://localhost/pages/contact]


Processing PagesController#home (for 127.0.0.1 at 2010-07-25 01:29:27) [GET]
Rendering template within layouts/application
Rendering pages/home

ActionView::TemplateError (undefined local variable or method `title' for #<ActionView::Base:0x103300a80>) on line #5 of app/views/layouts/application.html.erb:
2:   "http://www.w3.org/TR/xhtml1/DTD/xhtml1-strict.dtd">
3: <html lang="en" xml:lang="en" xmlns="http://www.w3.org/1999/xhtml">
4:   <head>
5: 	<title><%= title %></title>
6:   </head>
7:   <body>
8:     <%= yield %>

    app/views/layouts/application.html.erb:5

Rendered rescues/_trace (46.4ms)
Rendered rescues/_request_and_response (1.4ms)
Rendering rescues/layout (internal_server_error)


Processing PagesController#home (for 127.0.0.1 at 2010-07-25 01:30:27) [GET]
Rendering template within layouts/application
Rendering pages/home
Completed in 13ms (View: 11, DB: 0) | 200 OK [http://localhost/pages/home]


Processing PagesController#home (for 127.0.0.1 at 2010-07-25 01:41:07) [GET]
Rendering template within layouts/application
Rendering pages/home
Completed in 9ms (View: 7, DB: 0) | 200 OK [http://localhost/pages/home]


Processing PagesController#home (for 127.0.0.1 at 2010-07-25 02:02:03) [GET]
Rendering template within layouts/application
Rendering pages/home
Completed in 9ms (View: 8, DB: 0) | 200 OK [http://localhost/pages/home]


Processing ApplicationController#index (for 127.0.0.1 at 2010-07-25 02:02:03) [GET]

ActionController::RoutingError (No route matches "/images/logo.png" with {:method=>:get}):
  

Rendering rescues/layout (not_found)


Processing ApplicationController#index (for 127.0.0.1 at 2010-07-25 02:02:03) [GET]

ActionController::RoutingError (No route matches "/stylesheets/custom.css" with {:method=>:get}):
  

Rendering rescues/layout (not_found)


Processing PagesController#home (for 127.0.0.1 at 2010-07-25 02:03:35) [GET]
Rendering template within layouts/application
Rendering pages/home
Completed in 9ms (View: 7, DB: 0) | 200 OK [http://localhost/pages/home]


Processing ApplicationController#index (for 127.0.0.1 at 2010-07-25 02:03:35) [GET]

ActionController::RoutingError (No route matches "/stylesheets/custom.css" with {:method=>:get}):
  

Rendering rescues/layout (not_found)


Processing ApplicationController#index (for 127.0.0.1 at 2010-07-25 02:03:35) [GET]

ActionController::RoutingError (No route matches "/images/logo.png" with {:method=>:get}):
  

Rendering rescues/layout (not_found)


Processing PagesController#home (for 127.0.0.1 at 2010-07-25 02:04:32) [GET]
Rendering template within layouts/application
Rendering pages/home
Completed in 9ms (View: 8, DB: 0) | 200 OK [http://localhost/pages/home]


Processing ApplicationController#index (for 127.0.0.1 at 2010-07-25 02:04:32) [GET]

ActionController::RoutingError (No route matches "/stylesheets/custom.css" with {:method=>:get}):
  

Rendering rescues/layout (not_found)


Processing PagesController#home (for 127.0.0.1 at 2010-07-25 02:06:35) [GET]
Rendering template within layouts/application
Rendering pages/home
Completed in 9ms (View: 7, DB: 0) | 200 OK [http://localhost/pages/home]


Processing ApplicationController#index (for 127.0.0.1 at 2010-07-25 02:06:35) [GET]

ActionController::RoutingError (No route matches "/stylesheets/custom.css" with {:method=>:get}):
  

Rendering rescues/layout (not_found)


Processing ApplicationController#index (for 127.0.0.1 at 2010-07-25 02:06:35) [GET]

ActionController::RoutingError (No route matches "/images/logo.png" with {:method=>:get}):
  

Rendering rescues/layout (not_found)


Processing PagesController#home (for 127.0.0.1 at 2010-07-25 02:08:03) [GET]
Rendering template within layouts/application
Rendering pages/home
Completed in 4ms (View: 2, DB: 0) | 200 OK [http://localhost/pages/home]


Processing ApplicationController#index (for 127.0.0.1 at 2010-07-25 02:08:03) [GET]

ActionController::RoutingError (No route matches "/stylesheets/custom.css" with {:method=>:get}):
  

Rendering rescues/layout (not_found)


Processing PagesController#home (for 127.0.0.1 at 2010-07-25 02:09:10) [GET]
Rendering template within layouts/application
Rendering pages/home
Completed in 4ms (View: 2, DB: 0) | 200 OK [http://localhost/pages/home]


Processing PagesController#home (for 127.0.0.1 at 2010-07-25 02:10:15) [GET]
Rendering template within layouts/application
Rendering pages/home
Completed in 4ms (View: 2, DB: 0) | 200 OK [http://localhost/pages/home]


Processing PagesController#home (for 127.0.0.1 at 2010-07-25 02:10:59) [GET]
Rendering template within layouts/application
Rendering pages/home
Completed in 4ms (View: 2, DB: 0) | 200 OK [http://localhost/pages/home]


Processing PagesController#home (for 127.0.0.1 at 2010-07-25 02:11:47) [GET]
Rendering template within layouts/application
Rendering pages/home
Completed in 4ms (View: 2, DB: 0) | 200 OK [http://localhost/pages/home]


Processing PagesController#home (for 127.0.0.1 at 2010-07-25 02:11:48) [GET]
Rendering template within layouts/application
Rendering pages/home
Completed in 4ms (View: 2, DB: 0) | 200 OK [http://localhost/pages/home]


Processing PagesController#home (for 127.0.0.1 at 2010-07-25 02:12:13) [GET]
Rendering template within layouts/application
Rendering pages/home
Completed in 4ms (View: 2, DB: 0) | 200 OK [http://localhost/pages/home]


Processing PagesController#home (for 127.0.0.1 at 2010-07-25 02:12:14) [GET]
Rendering template within layouts/application
Rendering pages/home
Completed in 4ms (View: 2, DB: 0) | 200 OK [http://localhost/pages/home]


Processing PagesController#home (for 127.0.0.1 at 2010-07-25 02:12:15) [GET]
Rendering template within layouts/application
Rendering pages/home
Completed in 4ms (View: 2, DB: 0) | 200 OK [http://localhost/pages/home]


Processing PagesController#home (for 127.0.0.1 at 2010-07-25 02:12:17) [GET]
Rendering template within layouts/application
Rendering pages/home
Completed in 4ms (View: 2, DB: 0) | 200 OK [http://localhost/pages/home]


Processing PagesController#home (for 127.0.0.1 at 2010-07-25 02:13:27) [GET]
Rendering template within layouts/application
Rendering pages/home
Completed in 82ms (View: 80, DB: 0) | 200 OK [http://localhost/pages/home]


Processing PagesController#home (for 127.0.0.1 at 2010-07-25 02:20:15) [GET]
Rendering template within layouts/application
Rendering pages/home

ActionView::TemplateError (Missing layout layouts/_stylesheets.erb in view path app/views) on line #6 of app/views/layouts/application.html.erb:
3: <html lang="en" xml:lang="en" xmlns="http://www.w3.org/1999/xhtml">
4:   <head>
5:     <title><%= title %></title>
6:     <%= render 'layouts/stylesheets' %>
7:   </head>
8:   <body>
9:     <div class="container">

    app/views/layouts/application.html.erb:6

Rendered rescues/_trace (47.0ms)
Rendered rescues/_request_and_response (0.3ms)
Rendering rescues/layout (internal_server_error)


Processing PagesController#home (for 127.0.0.1 at 2010-07-25 02:20:51) [GET]
Rendering template within layouts/application
Rendering pages/home
Rendered layouts/_stylesheets (1.2ms)
Rendered layouts/_header (1.0ms)

ActionView::TemplateError (Missing layout layouts/_footer.erb in view path app/views) on line #14 of app/views/layouts/application.html.erb:
11:       <div id="content" class="round">
12:         <%= yield %>
13:       </div>
14:       <%= render 'layouts/footer' %>
15:     </div>
16:   </body>
17: </html>

    app/views/layouts/application.html.erb:14

Rendered rescues/_trace (133.4ms)
Rendered rescues/_request_and_response (0.4ms)
Rendering rescues/layout (internal_server_error)


Processing PagesController#home (for 127.0.0.1 at 2010-07-25 02:21:14) [GET]
Rendering template within layouts/application
Rendering pages/home
Rendered layouts/_stylesheets (0.6ms)
Rendered layouts/_header (0.4ms)
Rendered layouts/_footer (0.7ms)
Completed in 9ms (View: 7, DB: 0) | 200 OK [http://localhost/pages/home]


Processing PagesController#home (for 127.0.0.1 at 2010-07-25 16:23:28) [GET]
Rendering template within layouts/application
Rendering pages/home
Rendered layouts/_stylesheets (1.9ms)
Rendered layouts/_header (1.8ms)
Rendered layouts/_footer (0.7ms)
Completed in 160ms (View: 157, DB: 0) | 200 OK [http://localhost/pages/home]
  [4;36;1mSQL (0.3ms)[0m   [0;1m SELECT name
 FROM sqlite_master
 WHERE type = 'table' AND NOT name = 'sqlite_sequence'
[0m
  [4;35;1mSQL (0.2ms)[0m   [0mselect sqlite_version(*)[0m
  [4;36;1mSQL (3.8ms)[0m   [0;1mCREATE TABLE "schema_migrations" ("version" varchar(255) NOT NULL) [0m
  [4;35;1mSQL (0.1ms)[0m   [0mPRAGMA index_list("schema_migrations")[0m
  [4;36;1mSQL (2.4ms)[0m   [0;1mCREATE UNIQUE INDEX "unique_schema_migrations" ON "schema_migrations" ("version")[0m
  [4;35;1mSQL (0.2ms)[0m   [0m SELECT name
 FROM sqlite_master
 WHERE type = 'table' AND NOT name = 'sqlite_sequence'
[0m
  [4;36;1mSQL (0.3ms)[0m   [0;1m SELECT name
 FROM sqlite_master
 WHERE type = 'table' AND NOT name = 'sqlite_sequence'
[0m
  [4;35;1mSQL (0.2ms)[0m   [0mSELECT version FROM schema_migrations[0m
  [4;36;1mSQL (0.2ms)[0m   [0;1m SELECT name
 FROM sqlite_master
 WHERE type = 'table' AND NOT name = 'sqlite_sequence'
[0m


Processing ApplicationController#index (for 127.0.0.1 at 2010-07-25 21:07:44) [GET]

ActionController::RoutingError (No route matches "/" with {:method=>:get}):
  

Rendering rescues/layout (not_found)


Processing PagesController#home (for 127.0.0.1 at 2010-07-25 21:19:20) [GET]
Rendering template within layouts/application
Rendering pages/home
Rendered layouts/_stylesheets (1.2ms)
Rendered layouts/_header (1.3ms)
Rendered layouts/_footer (0.8ms)
Completed in 32ms (View: 30, DB: 0) | 200 OK [http://localhost/]


Processing PagesController#help (for 127.0.0.1 at 2010-07-25 21:19:25) [GET]
Rendering template within layouts/application
Rendering pages/help
Rendered layouts/_stylesheets (0.6ms)
Rendered layouts/_header (0.5ms)
Rendered layouts/_footer (0.2ms)
Completed in 10ms (View: 9, DB: 0) | 200 OK [http://localhost/help]


Processing PagesController#home (for 127.0.0.1 at 2010-07-25 21:19:27) [GET]
Rendering template within layouts/application
Rendering pages/home
Rendered layouts/_stylesheets (0.6ms)
Rendered layouts/_header (0.5ms)
Rendered layouts/_footer (0.2ms)
Completed in 5ms (View: 3, DB: 0) | 200 OK [http://localhost/]


Processing PagesController#help (for 127.0.0.1 at 2010-07-25 21:19:27) [GET]
Rendering template within layouts/application
Rendering pages/help
Rendered layouts/_stylesheets (0.6ms)
Rendered layouts/_header (0.5ms)
Rendered layouts/_footer (0.2ms)
Completed in 5ms (View: 3, DB: 0) | 200 OK [http://localhost/help]


Processing PagesController#home (for 127.0.0.1 at 2010-07-25 21:19:30) [GET]
Rendering template within layouts/application
Rendering pages/home
Rendered layouts/_stylesheets (0.6ms)
Rendered layouts/_header (0.5ms)
Rendered layouts/_footer (0.2ms)
Completed in 5ms (View: 3, DB: 0) | 200 OK [http://localhost/]


Processing PagesController#help (for 127.0.0.1 at 2010-07-25 21:19:31) [GET]
Rendering template within layouts/application
Rendering pages/help
Rendered layouts/_stylesheets (0.6ms)
Rendered layouts/_header (0.5ms)
Rendered layouts/_footer (0.2ms)
Completed in 5ms (View: 3, DB: 0) | 200 OK [http://localhost/help]


Processing PagesController#about (for 127.0.0.1 at 2010-07-25 21:19:32) [GET]
Rendering template within layouts/application
Rendering pages/about
Rendered layouts/_stylesheets (0.6ms)
Rendered layouts/_header (0.5ms)
Rendered layouts/_footer (0.2ms)
Completed in 10ms (View: 8, DB: 0) | 200 OK [http://localhost/about]


Processing PagesController#contact (for 127.0.0.1 at 2010-07-25 21:19:34) [GET]
Rendering template within layouts/application
Rendering pages/contact
Rendered layouts/_stylesheets (0.6ms)
Rendered layouts/_header (0.5ms)
Rendered layouts/_footer (0.2ms)
Completed in 86ms (View: 84, DB: 0) | 200 OK [http://localhost/contact]


Processing PagesController#contact (for 127.0.0.1 at 2010-07-25 21:20:03) [GET]
Rendering template within layouts/application
Rendering pages/contact
Rendered layouts/_stylesheets (0.6ms)
Rendered layouts/_header (1.3ms)
Rendered layouts/_footer (0.2ms)
Completed in 9ms (View: 8, DB: 0) | 200 OK [http://localhost/contact]


Processing ApplicationController#index (for 127.0.0.1 at 2010-07-25 21:28:40) [GET]

ActionController::RoutingError (No route matches "/users" with {:method=>:get}):
  

Rendering rescues/layout (not_found)


Processing ActionController::Base#index (for 127.0.0.1 at 2010-07-25 21:41:25) [GET]

ActionController::RoutingError (No route matches "/users/new" with {:method=>:get}):
  

Rendering rescues/layout (not_found)


Processing ActionController::Base#home (for 127.0.0.1 at 2010-07-25 21:41:52) [GET]

NameError (uninitialized constant ApplicationController):
  app/controllers/pages_controller.rb:1

Rendered rescues/_trace (38.4ms)
Rendered rescues/_request_and_response (1.4ms)
Rendering rescues/layout (internal_server_error)


Processing ActionController::Base#home (for 127.0.0.1 at 2010-07-25 21:41:57) [GET]

NameError (uninitialized constant ApplicationController):
  app/controllers/pages_controller.rb:1

Rendered rescues/_trace (124.7ms)
Rendered rescues/_request_and_response (0.3ms)
Rendering rescues/layout (internal_server_error)


Processing ActionController::Base#home (for 127.0.0.1 at 2010-07-25 21:42:02) [GET]

NameError (uninitialized constant ApplicationController):
  app/controllers/pages_controller.rb:1

Rendered rescues/_trace (37.5ms)
Rendered rescues/_request_and_response (0.5ms)
Rendering rescues/layout (internal_server_error)


Processing ActionController::Base#home (for 127.0.0.1 at 2010-07-25 21:42:33) [GET]

NameError (uninitialized constant ApplicationController):
  app/controllers/pages_controller.rb:1

Rendered rescues/_trace (36.9ms)
Rendered rescues/_request_and_response (0.3ms)
Rendering rescues/layout (internal_server_error)


Processing ActionController::Base#home (for 127.0.0.1 at 2010-07-25 21:43:03) [GET]

NameError (uninitialized constant ApplicationController):
  app/controllers/pages_controller.rb:1

Rendered rescues/_trace (108.6ms)
Rendered rescues/_request_and_response (1.4ms)
Rendering rescues/layout (internal_server_error)


Processing ActionController::Base#index (for 127.0.0.1 at 2010-07-25 21:46:46) [GET]

ActionController::RoutingError (No route matches "/home" with {:method=>:get}):
  

Rendering rescues/layout (not_found)


Processing ActionController::Base#contact (for 127.0.0.1 at 2010-07-25 21:46:55) [GET]

NameError (uninitialized constant ApplicationController):
  app/controllers/pages_controller.rb:1

Rendered rescues/_trace (38.8ms)
Rendered rescues/_request_and_response (0.4ms)
Rendering rescues/layout (internal_server_error)


Processing ActionController::Base#home (for 127.0.0.1 at 2010-07-25 21:49:42) [GET]

NameError (uninitialized constant ApplicationController):
  app/controllers/pages_controller.rb:1

Rendered rescues/_trace (40.2ms)
Rendered rescues/_request_and_response (0.4ms)
Rendering rescues/layout (internal_server_error)


Processing ActionController::Base#home (for 127.0.0.1 at 2010-07-25 21:49:48) [GET]

NameError (uninitialized constant ApplicationController):
  app/controllers/pages_controller.rb:1

Rendered rescues/_trace (36.5ms)
Rendered rescues/_request_and_response (0.3ms)
Rendering rescues/layout (internal_server_error)


Processing PagesController#home (for 127.0.0.1 at 2010-07-25 21:50:21) [GET]
Rendering template within layouts/application
Rendering pages/home
Rendered layouts/_stylesheets (1.1ms)
Rendered layouts/_header (1.3ms)
Rendered layouts/_footer (0.8ms)
Completed in 84ms (View: 82, DB: 0) | 200 OK [http://localhost/]


Processing PagesController#home (for 127.0.0.1 at 2010-07-25 21:50:23) [GET]
Rendering template within layouts/application
Rendering pages/home
Rendered layouts/_stylesheets (0.5ms)
Rendered layouts/_header (0.5ms)
Rendered layouts/_footer (0.2ms)
Completed in 5ms (View: 3, DB: 0) | 200 OK [http://localhost/]


Processing PagesController#home (for 127.0.0.1 at 2010-07-25 21:50:25) [GET]
Rendering template within layouts/application
Rendering pages/home
Rendered layouts/_stylesheets (0.6ms)
Rendered layouts/_header (0.5ms)
Rendered layouts/_footer (0.2ms)
Completed in 5ms (View: 3, DB: 0) | 200 OK [http://localhost/]


Processing PagesController#help (for 127.0.0.1 at 2010-07-25 21:50:26) [GET]
Rendering template within layouts/application
Rendering pages/help
Rendered layouts/_stylesheets (0.6ms)
Rendered layouts/_header (0.5ms)
Rendered layouts/_footer (0.2ms)
Completed in 10ms (View: 9, DB: 0) | 200 OK [http://localhost/help]


Processing UsersController#index (for 127.0.0.1 at 2010-07-25 21:52:21) [GET]

ActionController::UnknownAction (No action responded to index. Actions: new):
  

Rendering rescues/layout (not_found)


Processing UsersController#new (for 127.0.0.1 at 2010-07-25 21:52:26) [GET]
Rendering template within layouts/application
Rendering users/new
Rendered layouts/_stylesheets (0.6ms)
Rendered layouts/_header (0.6ms)
Rendered layouts/_footer (0.2ms)
Completed in 10ms (View: 8, DB: 0) | 200 OK [http://localhost/users/new]


Processing UsersController#new (for 127.0.0.1 at 2010-07-25 22:07:44) [GET]
Rendering template within layouts/application
Rendering users/new
Rendered layouts/_stylesheets (0.6ms)
Rendered layouts/_header (0.5ms)
Rendered layouts/_footer (0.2ms)
Completed in 5ms (View: 3, DB: 0) | 200 OK [http://localhost/users/new]


Processing PagesController#home (for 127.0.0.1 at 2010-07-25 22:12:12) [GET]
Rendering template within layouts/application
Rendering pages/home
Rendered layouts/_stylesheets (0.6ms)
Rendered layouts/_header (0.5ms)
Rendered layouts/_footer (0.2ms)
Completed in 9ms (View: 7, DB: 0) | 200 OK [http://localhost/]


Processing UsersController#new (for 127.0.0.1 at 2010-07-25 22:12:15) [GET]
Rendering template within layouts/application
Rendering users/new
Rendered layouts/_stylesheets (0.6ms)
Rendered layouts/_header (0.5ms)
Rendered layouts/_footer (0.2ms)
Completed in 5ms (View: 3, DB: 0) | 200 OK [http://localhost/signup]
